Using pre-set license
Built from '2020.2/release' branch; Version is '2020.2.4f1 (becced5a802b) revision 12504301'; Using compiler version '192528614'; Build Type 'Release'
OS: 'Windows 10 Home N; OS build 19042.804; Version 2009; 64bit' Language: 'en' Physical Memory: 16173 MB
BatchMode: 1, IsHumanControllingUs: 0, StartBugReporterOnCrash: 0, Is64bit: 1, IsPro: 0

 COMMAND LINE ARGUMENTS:
C:\Program Files\Unity\Hub\Editor\2020.2.4f1\Editor\Unity.exe
-adb2
-batchMode
-noUpm
-name
AssetImportWorker0
-projectPath
C:/Users/werty/Desktop/otherworld/ProjectOtherworld
-logFile
Logs/AssetImportWorker0.log
-srvPort
50983
Successfully changed project path to: C:/Users/werty/Desktop/otherworld/ProjectOtherworld
C:/Users/werty/Desktop/otherworld/ProjectOtherworld
Using Asset Import Pipeline V2.
Refreshing native plugins compatible for Editor in 121.65 ms, found 1 plugins.
Preloading 0 native plugins for Editor in 0.00 ms.
Initialize engine version: 2020.2.4f1 (becced5a802b)
[Subsystems] Discovering subsystems at path C:/Program Files/Unity/Hub/Editor/2020.2.4f1/Editor/Data/Resources/UnitySubsystems
[Subsystems] Discovering subsystems at path C:/Users/werty/Desktop/otherworld/ProjectOtherworld/Assets
GfxDevice: creating device client; threaded=0
Direct3D:
    Version:  Direct3D 11.0 [level 11.1]
    Renderer: NVIDIA GeForce GTX 1060 6GB (ID=0x1c03)
    Vendor:   
    VRAM:     6052 MB
    Driver:   27.21.14.5730
Shader 'Universal Render Pipeline/Particles/Lit': fallback shader 'Universal Render Pipeline/Particles/SimpleLit' not found
Initialize mono
Mono path[0] = 'C:/Program Files/Unity/Hub/Editor/2020.2.4f1/Editor/Data/Managed'
Mono path[1] = 'C:/Program Files/Unity/Hub/Editor/2020.2.4f1/Editor/Data/MonoBleedingEdge/lib/mono/unityjit'
Mono config path = 'C:/Program Files/Unity/Hub/Editor/2020.2.4f1/Editor/Data/MonoBleedingEdge/etc'
Using monoOptions --debugger-agent=transport=dt_socket,embedding=1,server=y,suspend=n,address=127.0.0.1:56620
Begin MonoManager ReloadAssembly
Registering precompiled unity dll's ...
Register platform support module: C:/Program Files/Unity/Hub/Editor/2020.2.4f1/Editor/Data/PlaybackEngines/WindowsStandaloneSupport/UnityEditor.WindowsStandalone.Extensions.dll
Registered in 0.004261 seconds.
Native extension for WindowsStandalone target not found
Refreshing native plugins compatible for Editor in 113.44 ms, found 1 plugins.
Preloading 0 native plugins for Editor in 0.00 ms.
Invoked RoslynAnalysisRunner static constructor.
RoslynAnalysisRunner will not be running.
RoslynAnalysisRunner has terminated.
Mono: successfully reloaded assembly
- Completed reload, in  2.751 seconds
Platform modules already initialized, skipping
Registering precompiled user dll's ...
Registered in 0.003479 seconds.
Begin MonoManager ReloadAssembly
Native extension for WindowsStandalone target not found
Refreshing native plugins compatible for Editor in 116.80 ms, found 1 plugins.
Preloading 0 native plugins for Editor in 0.00 ms.
Invoked RoslynAnalysisRunner static constructor.
RoslynAnalysisRunner will not be running.
RoslynAnalysisRunner has terminated.
Mono: successfully reloaded assembly
- Completed reload, in  1.993 seconds
Platform modules already initialized, skipping
========================================================================
Worker process is ready to serve import requests
Shader 'Universal Render Pipeline/Particles/Lit': fallback shader 'Universal Render Pipeline/Particles/SimpleLit' not found
Launched and connected shader compiler UnityShaderCompiler.exe after 0.16 seconds
Refreshing native plugins compatible for Editor in 1.04 ms, found 1 plugins.
Preloading 0 native plugins for Editor in 0.00 ms.
Unloading 2994 Unused Serialized files (Serialized files now loaded: 0)
System memory in use before: 143.4 MB.
System memory in use after: 143.6 MB.

Unloading 19 unused Assets to reduce memory usage. Loaded Objects now: 3461.
Total: 5.355300 ms (FindLiveObjects: 0.731300 ms CreateObjectMapping: 0.197100 ms MarkObjects: 4.373100 ms  DeleteObjects: 0.051300 ms)

========================================================================
Received Import Request.
  path: Assets/Resources/Sprites/procedural anitest.png
  artifactKey: Guid(737144afdde1acb41b76b3e793e8df1b) Importer(815301076,1909f56bfc062723c751e8b465ee728b)
Start importing Assets/Resources/Sprites/procedural anitest.png using Guid(737144afdde1acb41b76b3e793e8df1b) Importer(815301076,1909f56bfc062723c751e8b465ee728b)  -> (artifact id: '7c74cf1da0baf84a1d76e720b1940cdb') in 0.703575 seconds
  Import took 0.713899 seconds .

========================================================================
Received Import Request.
  Time since last request: 31.482869 seconds.
  path: Assets/Resources/Sprites/procedural anitest 1.png
  artifactKey: Guid(8e4fa3c371aeda047ba05c14e0911c54) Importer(815301076,1909f56bfc062723c751e8b465ee728b)
Start importing Assets/Resources/Sprites/procedural anitest 1.png using Guid(8e4fa3c371aeda047ba05c14e0911c54) Importer(815301076,1909f56bfc062723c751e8b465ee728b)  -> (artifact id: 'dd4aab30fddec25ff5164fb947464576') in 0.024584 seconds
  Import took 0.031846 seconds .

========================================================================
Received Import Request.
  Time since last request: 1.763832 seconds.
  path: Assets/Resources/Sprites/procedural anitest 2.png
  artifactKey: Guid(69da72e5ad6329b4288284f3a154c892) Importer(815301076,1909f56bfc062723c751e8b465ee728b)
Start importing Assets/Resources/Sprites/procedural anitest 2.png using Guid(69da72e5ad6329b4288284f3a154c892) Importer(815301076,1909f56bfc062723c751e8b465ee728b)  -> (artifact id: '2f37cdaac72534c41e5fbb6f7d61a03b') in 0.017931 seconds
  Import took 0.027907 seconds .

========================================================================
Received Import Request.
  Time since last request: 352.564992 seconds.
  path: Assets/Resources/Sprites/ful leg.png
  artifactKey: Guid(3e10b218e1953ae4985b91453d3bee25) Importer(815301076,1909f56bfc062723c751e8b465ee728b)
Start importing Assets/Resources/Sprites/ful leg.png using Guid(3e10b218e1953ae4985b91453d3bee25) Importer(815301076,1909f56bfc062723c751e8b465ee728b)  -> (artifact id: '7f2ebf03e776ba4e882cdd0c67de71fd') in 0.101182 seconds
  Import took 0.109121 seconds .

========================================================================
Received Import Request.
  Time since last request: 22.146959 seconds.
  path: Assets/Resources/Sprites/ful leg.png
  artifactKey: Guid(3e10b218e1953ae4985b91453d3bee25) Importer(815301076,1909f56bfc062723c751e8b465ee728b)
Start importing Assets/Resources/Sprites/ful leg.png using Guid(3e10b218e1953ae4985b91453d3bee25) Importer(815301076,1909f56bfc062723c751e8b465ee728b)  -> (artifact id: '862ab9954c18944982b623be381d1230') in 0.025613 seconds
  Import took 0.034207 seconds .

========================================================================
Received Import Request.
  Time since last request: 0.021645 seconds.
  path: Assets/Resources/Sprites/ful leg.png
  artifactKey: Guid(3e10b218e1953ae4985b91453d3bee25) Importer(815301076,1909f56bfc062723c751e8b465ee728b)
Start importing Assets/Resources/Sprites/ful leg.png using Guid(3e10b218e1953ae4985b91453d3bee25) Importer(815301076,1909f56bfc062723c751e8b465ee728b)  -> (artifact id: '862ab9954c18944982b623be381d1230') in 0.016349 seconds
  Import took 0.371410 seconds .

========================================================================
Received Import Request.
  Time since last request: 32.630722 seconds.
  path: Assets/Resources/Sprites/ful leg.png
  artifactKey: Guid(3e10b218e1953ae4985b91453d3bee25) Importer(815301076,1909f56bfc062723c751e8b465ee728b)
Start importing Assets/Resources/Sprites/ful leg.png using Guid(3e10b218e1953ae4985b91453d3bee25) Importer(815301076,1909f56bfc062723c751e8b465ee728b)  -> (artifact id: 'b801dbfade738c42a73c2904c060eb5b') in 0.050033 seconds
  Import took 0.057903 seconds .

========================================================================
Received Import Request.
  Time since last request: 71.847602 seconds.
  path: Assets/Resources/Sprites/ful leg.png
  artifactKey: Guid(3e10b218e1953ae4985b91453d3bee25) Importer(815301076,1909f56bfc062723c751e8b465ee728b)
Start importing Assets/Resources/Sprites/ful leg.png using Guid(3e10b218e1953ae4985b91453d3bee25) Importer(815301076,1909f56bfc062723c751e8b465ee728b)  -> (artifact id: 'f29fc8deab778d255675935e5b5f3933') in 0.028761 seconds
  Import took 0.036908 seconds .

========================================================================
Received Import Request.
  Time since last request: 459.225135 seconds.
  path: Assets/Resources/Sprites/leg krita.kra
  artifactKey: Guid(5762af074d576b740a058f32a2e02b2c) Importer(815301076,1909f56bfc062723c751e8b465ee728b)
Start importing Assets/Resources/Sprites/leg krita.kra using Guid(5762af074d576b740a058f32a2e02b2c) Importer(815301076,1909f56bfc062723c751e8b465ee728b)  -> (artifact id: '08ce3b9ac69587146ccf00a624056cc9') in 0.019063 seconds
  Import took 0.028227 seconds .

========================================================================
Received Import Request.
  Time since last request: 24.955388 seconds.
  path: Assets/Resources/Sprites/leg krita.psd
  artifactKey: Guid(b87f1ea8417d6ac468413ce8753a0d5a) Importer(815301076,1909f56bfc062723c751e8b465ee728b)
Start importing Assets/Resources/Sprites/leg krita.psd using Guid(b87f1ea8417d6ac468413ce8753a0d5a) Importer(815301076,1909f56bfc062723c751e8b465ee728b)  -> (artifact id: 'bc6d06d118d0de887ad01d53040682cd') in 0.027906 seconds
  Import took 0.034605 seconds .

========================================================================
Received Import Request.
  Time since last request: 7.746764 seconds.
  path: Assets/Resources/Sprites/ful leg.png
  artifactKey: Guid(3e10b218e1953ae4985b91453d3bee25) Importer(815301076,1909f56bfc062723c751e8b465ee728b)
Start importing Assets/Resources/Sprites/ful leg.png using Guid(3e10b218e1953ae4985b91453d3bee25) Importer(815301076,1909f56bfc062723c751e8b465ee728b)  -> (artifact id: 'fa73b12d335bf06fede5583a56a655ed') in 0.020266 seconds
  Import took 0.027239 seconds .

========================================================================
Received Import Request.
  Time since last request: 20.661854 seconds.
  path: Assets/Resources/Sprites/leg krita.psd
  artifactKey: Guid(b87f1ea8417d6ac468413ce8753a0d5a) Importer(815301076,1909f56bfc062723c751e8b465ee728b)
Start importing Assets/Resources/Sprites/leg krita.psd using Guid(b87f1ea8417d6ac468413ce8753a0d5a) Importer(815301076,1909f56bfc062723c751e8b465ee728b)  -> (artifact id: '4c3ce798bc758db6b7398c62d6c6b5ad') in 0.020728 seconds
  Import took 0.029113 seconds .

========================================================================
Received Import Request.
  Time since last request: 24.025267 seconds.
  path: Assets/Resources/Sprites
  artifactKey: Guid(7eb4df5f60f28ec42a40da0f3f1bcdc6) Importer(815301076,1909f56bfc062723c751e8b465ee728b)
Start importing Assets/Resources/Sprites using Guid(7eb4df5f60f28ec42a40da0f3f1bcdc6) Importer(815301076,1909f56bfc062723c751e8b465ee728b)  -> (artifact id: 'd65d92f52f55a1d97558a8325a32be73') in 0.020965 seconds
  Import took 0.028513 seconds .

========================================================================
Received Import Request.
  Time since last request: 120.578493 seconds.
  path: Assets/Resources/Sprites/leg psd.psd
  artifactKey: Guid(2d9437ff6a1234d4d966b5b379b83b8c) Importer(815301076,1909f56bfc062723c751e8b465ee728b)
Start importing Assets/Resources/Sprites/leg psd.psd using Guid(2d9437ff6a1234d4d966b5b379b83b8c) Importer(815301076,1909f56bfc062723c751e8b465ee728b)  -> (artifact id: '4ce38b6514bbaf9fc84b2484a689e73b') in 0.024473 seconds
  Import took 0.032196 seconds .

========================================================================
Received Import Request.
  Time since last request: 26.233648 seconds.
  path: Assets/Resources/Sprites/leg psd.psd
  artifactKey: Guid(2d9437ff6a1234d4d966b5b379b83b8c) Importer(815301076,1909f56bfc062723c751e8b465ee728b)
Start importing Assets/Resources/Sprites/leg psd.psd using Guid(2d9437ff6a1234d4d966b5b379b83b8c) Importer(815301076,1909f56bfc062723c751e8b465ee728b)  -> (artifact id: 'f355e6b97ad239a6bcd037570b5aab8e') in 0.014604 seconds
  Import took 0.022907 seconds .

========================================================================
Received Import Request.
  Time since last request: 105.761887 seconds.
  path: Assets/Resources/Sprites/ful leg.png
  artifactKey: Guid(3e10b218e1953ae4985b91453d3bee25) Importer(815301076,1909f56bfc062723c751e8b465ee728b)
Start importing Assets/Resources/Sprites/ful leg.png using Guid(3e10b218e1953ae4985b91453d3bee25) Importer(815301076,1909f56bfc062723c751e8b465ee728b)  -> (artifact id: 'f64d96019d5c1cc389d1f04e4591d003') in 0.033157 seconds
  Import took 0.042736 seconds .

========================================================================
Received Import Request.
  Time since last request: 45.775883 seconds.
  path: Assets/Resources/Sprites/ful leg.png
  artifactKey: Guid(3e10b218e1953ae4985b91453d3bee25) Importer(815301076,1909f56bfc062723c751e8b465ee728b)
Start importing Assets/Resources/Sprites/ful leg.png using Guid(3e10b218e1953ae4985b91453d3bee25) Importer(815301076,1909f56bfc062723c751e8b465ee728b)  -> (artifact id: '89f24304f680f7ecf776e3f54ff90ef0') in 0.027970 seconds
  Import took 0.034970 seconds .

========================================================================
Received Import Request.
  Time since last request: 198.777525 seconds.
  path: Assets/Resources/Sprites/ful leg.png
  artifactKey: Guid(3e10b218e1953ae4985b91453d3bee25) Importer(815301076,1909f56bfc062723c751e8b465ee728b)
Start importing Assets/Resources/Sprites/ful leg.png using Guid(3e10b218e1953ae4985b91453d3bee25) Importer(815301076,1909f56bfc062723c751e8b465ee728b)  -> (artifact id: '5b4961d1ad2a3cb7fea07c99daa0143e') in 0.029516 seconds
  Import took 0.037607 seconds .

========================================================================
Received Import Request.
  Time since last request: 91.449450 seconds.
  path: Assets/Resources/Sprites/ful leg.png
  artifactKey: Guid(3e10b218e1953ae4985b91453d3bee25) Importer(815301076,1909f56bfc062723c751e8b465ee728b)
Start importing Assets/Resources/Sprites/ful leg.png using Guid(3e10b218e1953ae4985b91453d3bee25) Importer(815301076,1909f56bfc062723c751e8b465ee728b)  -> (artifact id: 'da10dd97ec3a09eca814b616c3937540') in 0.033411 seconds
  Import took 0.046168 seconds .

========================================================================
Received Import Request.
  Time since last request: 265.033606 seconds.
  path: Assets/Resources/Sprites/leg psd.psd
  artifactKey: Guid(2d9437ff6a1234d4d966b5b379b83b8c) Importer(815301076,1909f56bfc062723c751e8b465ee728b)
Start importing Assets/Resources/Sprites/leg psd.psd using Guid(2d9437ff6a1234d4d966b5b379b83b8c) Importer(815301076,1909f56bfc062723c751e8b465ee728b)  -> (artifact id: 'ac371969b8a6561b22f946ac22963b90') in 0.029317 seconds
  Import took 0.037996 seconds .

========================================================================
Received Import Request.
  Time since last request: 34.024601 seconds.
  path: Assets/Resources/Sprites/leg psd.psd
  artifactKey: Guid(2d9437ff6a1234d4d966b5b379b83b8c) Importer(815301076,1909f56bfc062723c751e8b465ee728b)
Start importing Assets/Resources/Sprites/leg psd.psd using Guid(2d9437ff6a1234d4d966b5b379b83b8c) Importer(815301076,1909f56bfc062723c751e8b465ee728b)  -> (artifact id: '1c16ef8e36dd9fa4a73fb51c7e813228') in 0.021019 seconds
  Import took 0.030074 seconds .

========================================================================
Received Import Request.
  Time since last request: 0.004661 seconds.
  path: Assets/Resources/Sprites/leg psd.psd
  artifactKey: Guid(2d9437ff6a1234d4d966b5b379b83b8c) Importer(815301076,1909f56bfc062723c751e8b465ee728b)
Start importing Assets/Resources/Sprites/leg psd.psd using Guid(2d9437ff6a1234d4d966b5b379b83b8c) Importer(815301076,1909f56bfc062723c751e8b465ee728b)  -> (artifact id: '1c16ef8e36dd9fa4a73fb51c7e813228') in 0.020924 seconds
  Import took 0.030050 seconds .

========================================================================
Received Import Request.
  Time since last request: 664.124680 seconds.
  path: Assets/Resources/Sprites/leg psd.psd
  artifactKey: Guid(2d9437ff6a1234d4d966b5b379b83b8c) Importer(815301076,1909f56bfc062723c751e8b465ee728b)
Start importing Assets/Resources/Sprites/leg psd.psd using Guid(2d9437ff6a1234d4d966b5b379b83b8c) Importer(815301076,1909f56bfc062723c751e8b465ee728b)  -> (artifact id: '6ad72e1e1ffdc86e66d2b5ee3061f889') in 0.028301 seconds
  Import took 0.037187 seconds .

========================================================================
Received Import Request.
  Time since last request: 924.552034 seconds.
  path: Assets/Resources/Sprites/leg psd.psd
  artifactKey: Guid(2d9437ff6a1234d4d966b5b379b83b8c) Importer(815301076,1909f56bfc062723c751e8b465ee728b)
Start importing Assets/Resources/Sprites/leg psd.psd using Guid(2d9437ff6a1234d4d966b5b379b83b8c) Importer(815301076,1909f56bfc062723c751e8b465ee728b)  -> (artifact id: '66e07be08c3dbd13c414d3a6bdaae2e7') in 0.034337 seconds
  Import took 0.043081 seconds .

========================================================================
Received Import Request.
  Time since last request: 0.150231 seconds.
  path: Assets/Resources/Sprites/leg psd.psd
  artifactKey: Guid(2d9437ff6a1234d4d966b5b379b83b8c) Importer(815301076,1909f56bfc062723c751e8b465ee728b)
Start importing Assets/Resources/Sprites/leg psd.psd using Guid(2d9437ff6a1234d4d966b5b379b83b8c) Importer(815301076,1909f56bfc062723c751e8b465ee728b)  -> (artifact id: '66e07be08c3dbd13c414d3a6bdaae2e7') in 0.020122 seconds
  Import took 0.028605 seconds .

AssetImportWorkerClient::OnTransportError - code=2 error=End of file
